|8|Undefined index:  h|/home/marco/svn/luxintenebra/luxintenebra/trunk/playbyforum/index.php|25
|8|Undefined index:  ID|/home/marco/svn/luxintenebra/luxintenebra/trunk/playbyforum/index.php|34
|8|Undefined index:  ID|/home/marco/svn/luxintenebra/luxintenebra/trunk/playbyforum/index.php|39
|8|Undefined index:  IdP|/home/marco/svn/luxintenebra/luxintenebra/trunk/playbyforum/index.php|40
|8|Undefined index:  ID|/home/marco/svn/luxintenebra/luxintenebra/trunk/playbyforum/index.php|117
|2048|date() [<a href='function.date'>function.date</a>]: It is not safe to rely on the system's timezone settings. Please use the date.timezone setting, the TZ environment variable or the date_default_timezone_set() function. In case you used any of those methods and you are still getting this warning, you most likely misspelled the timezone identifier. We selected 'Europe/Berlin' for 'CET/1.0/no DST' instead|/home/marco/svn/luxintenebra/luxintenebra/trunk/class/cNews.php|174
|2048|date() [<a href='function.date'>function.date</a>]: It is not safe to rely on the system's timezone settings. Please use the date.timezone setting, the TZ environment variable or the date_default_timezone_set() function. In case you used any of those methods and you are still getting this warning, you most likely misspelled the timezone identifier. We selected 'Europe/Berlin' for 'CET/1.0/no DST' instead|/home/marco/svn/luxintenebra/luxintenebra/trunk/class/cNews.php|174
|2048|date() [<a href='function.date'>function.date</a>]: It is not safe to rely on the system's timezone settings. Please use the date.timezone setting, the TZ environment variable or the date_default_timezone_set() function. In case you used any of those methods and you are still getting this warning, you most likely misspelled the timezone identifier. We selected 'Europe/Berlin' for 'CET/1.0/no DST' instead|/home/marco/svn/luxintenebra/luxintenebra/trunk/class/cNews.php|174
|8|Undefined index:  action|/home/marco/svn/luxintenebra/luxintenebra/trunk/playbyforum/index.php|172
|2048|Non-static method cContent::read_id_content() should not be called statically|/home/marco/svn/luxintenebra/luxintenebra/trunk/playbyforum/index.php|212
|2048|Non-static method cContent::read_id_content() should not be called statically|/home/marco/svn/luxintenebra/luxintenebra/trunk/playbyforum/index.php|213
|2048|Non-static method cContent::read_id_content() should not be called statically|/home/marco/svn/luxintenebra/luxintenebra/trunk/playbyforum/index.php|214
|2048|Non-static method cContent::DesignBar() should not be called statically|/home/marco/svn/luxintenebra/luxintenebra/trunk/playbyforum/index.php|215
|2048|Non-static method cContent::read_id_content() should not be called statically|/home/marco/svn/luxintenebra/luxintenebra/trunk/class/cContenuto.php|483
|2048|Non-static method cContent::show() should not be called statically|/home/marco/svn/luxintenebra/luxintenebra/trunk/playbyforum/index.php|222
|2048|Non-static method cContent::read_id_content() should not be called statically|/home/marco/svn/luxintenebra/luxintenebra/trunk/class/cContenuto.php|71
|8|Undefined index:  is_sito|/home/marco/svn/luxintenebra/luxintenebra/trunk/class/cTesti.php|34
|8|Undefined index:  IdUt|/home/marco/svn/luxintenebra/luxintenebra/trunk/class/cImmagini.php|46
|2048|getdate() [<a href='function.getdate'>function.getdate</a>]: It is not safe to rely on the system's timezone settings. Please use the date.timezone setting, the TZ environment variable or the date_default_timezone_set() function. In case you used any of those methods and you are still getting this warning, you most likely misspelled the timezone identifier. We selected 'Europe/Berlin' for 'CET/1.0/no DST' instead|/home/marco/svn/luxintenebra/luxintenebra/trunk/fun/funDiv.php|79
1202070173|8|Undefined index:  h|/home/marco/svn/luxintenebra/luxintenebra/trunk/playbyforum/index.php|25
1202070173|8|Undefined index:  ID|/home/marco/svn/luxintenebra/luxintenebra/trunk/playbyforum/index.php|34
1202070173|8|Undefined index:  ID|/home/marco/svn/luxintenebra/luxintenebra/trunk/playbyforum/index.php|39
1202070173|8|Undefined index:  IdP|/home/marco/svn/luxintenebra/luxintenebra/trunk/playbyforum/index.php|40
1202070173|8|Undefined index:  ID|/home/marco/svn/luxintenebra/luxintenebra/trunk/playbyforum/index.php|117
1202070173|2048|date() [<a href='function.date'>function.date</a>]: It is not safe to rely on the system's timezone settings. Please use the date.timezone setting, the TZ environment variable or the date_default_timezone_set() function. In case you used any of those methods and you are still getting this warning, you most likely misspelled the timezone identifier. We selected 'Europe/Berlin' for 'CET/1.0/no DST' instead|/home/marco/svn/luxintenebra/luxintenebra/trunk/class/cNews.php|174
1202070173|2048|date() [<a href='function.date'>function.date</a>]: It is not safe to rely on the system's timezone settings. Please use the date.timezone setting, the TZ environment variable or the date_default_timezone_set() function. In case you used any of those methods and you are still getting this warning, you most likely misspelled the timezone identifier. We selected 'Europe/Berlin' for 'CET/1.0/no DST' instead|/home/marco/svn/luxintenebra/luxintenebra/trunk/class/cNews.php|174
1202070173|2048|date() [<a href='function.date'>function.date</a>]: It is not safe to rely on the system's timezone settings. Please use the date.timezone setting, the TZ environment variable or the date_default_timezone_set() function. In case you used any of those methods and you are still getting this warning, you most likely misspelled the timezone identifier. We selected 'Europe/Berlin' for 'CET/1.0/no DST' instead|/home/marco/svn/luxintenebra/luxintenebra/trunk/class/cNews.php|174
1202070173|8|Undefined index:  action|/home/marco/svn/luxintenebra/luxintenebra/trunk/playbyforum/index.php|172
1202070173|2048|Non-static method cContent::read_id_content() should not be called statically|/home/marco/svn/luxintenebra/luxintenebra/trunk/playbyforum/index.php|212
1202070173|2048|Non-static method cContent::read_id_content() should not be called statically|/home/marco/svn/luxintenebra/luxintenebra/trunk/playbyforum/index.php|213
1202070173|2048|Non-static method cContent::read_id_content() should not be called statically|/home/marco/svn/luxintenebra/luxintenebra/trunk/playbyforum/index.php|214
1202070173|2048|Non-static method cContent::DesignBar() should not be called statically|/home/marco/svn/luxintenebra/luxintenebra/trunk/playbyforum/index.php|215
1202070173|2048|Non-static method cContent::read_id_content() should not be called statically|/home/marco/svn/luxintenebra/luxintenebra/trunk/class/cContenuto.php|483
1202070173|2048|Non-static method cContent::show() should not be called statically|/home/marco/svn/luxintenebra/luxintenebra/trunk/playbyforum/index.php|222
1202070173|2048|Non-static method cContent::read_id_content() should not be called statically|/home/marco/svn/luxintenebra/luxintenebra/trunk/class/cContenuto.php|71
1202070173|8|Undefined index:  is_sito|/home/marco/svn/luxintenebra/luxintenebra/trunk/class/cTesti.php|34
1202070173|8|Undefined index:  IdUt|/home/marco/svn/luxintenebra/luxintenebra/trunk/class/cImmagini.php|46
1202070173|2048|getdate() [<a href='function.getdate'>function.getdate</a>]: It is not safe to rely on the system's timezone settings. Please use the date.timezone setting, the TZ environment variable or the date_default_timezone_set() function. In case you used any of those methods and you are still getting this warning, you most likely misspelled the timezone identifier. We selected 'Europe/Berlin' for 'CET/1.0/no DST' instead|/home/marco/svn/luxintenebra/luxintenebra/trunk/fun/funDiv.php|79
1202070191|8|Undefined index:  h|/home/marco/svn/luxintenebra/luxintenebra/trunk/playbyforum/index.php|25
1202070191|8|Undefined index:  ID|/home/marco/svn/luxintenebra/luxintenebra/trunk/playbyforum/index.php|34
1202070191|8|Undefined index:  ID|/home/marco/svn/luxintenebra/luxintenebra/trunk/playbyforum/index.php|39
1202070191|8|Undefined index:  IdP|/home/marco/svn/luxintenebra/luxintenebra/trunk/playbyforum/index.php|40
1202070191|8|Undefined index:  ID|/home/marco/svn/luxintenebra/luxintenebra/trunk/playbyforum/index.php|117
1202070191|2048|date() [<a href='function.date'>function.date</a>]: It is not safe to rely on the system's timezone settings. Please use the date.timezone setting, the TZ environment variable or the date_default_timezone_set() function. In case you used any of those methods and you are still getting this warning, you most likely misspelled the timezone identifier. We selected 'Europe/Berlin' for 'CET/1.0/no DST' instead|/home/marco/svn/luxintenebra/luxintenebra/trunk/class/cNews.php|174
1202070191|2048|date() [<a href='function.date'>function.date</a>]: It is not safe to rely on the system's timezone settings. Please use the date.timezone setting, the TZ environment variable or the date_default_timezone_set() function. In case you used any of those methods and you are still getting this warning, you most likely misspelled the timezone identifier. We selected 'Europe/Berlin' for 'CET/1.0/no DST' instead|/home/marco/svn/luxintenebra/luxintenebra/trunk/class/cNews.php|174
1202070191|2048|date() [<a href='function.date'>function.date</a>]: It is not safe to rely on the system's timezone settings. Please use the date.timezone setting, the TZ environment variable or the date_default_timezone_set() function. In case you used any of those methods and you are still getting this warning, you most likely misspelled the timezone identifier. We selected 'Europe/Berlin' for 'CET/1.0/no DST' instead|/home/marco/svn/luxintenebra/luxintenebra/trunk/class/cNews.php|174
1202070191|8|Undefined index:  action|/home/marco/svn/luxintenebra/luxintenebra/trunk/playbyforum/index.php|172
1202070191|2048|Non-static method cContent::read_id_content() should not be called statically|/home/marco/svn/luxintenebra/luxintenebra/trunk/playbyforum/index.php|212
1202070191|2048|Non-static method cContent::read_id_content() should not be called statically|/home/marco/svn/luxintenebra/luxintenebra/trunk/playbyforum/index.php|213
1202070191|2048|Non-static method cContent::read_id_content() should not be called statically|/home/marco/svn/luxintenebra/luxintenebra/trunk/playbyforum/index.php|214
1202070191|2048|Non-static method cContent::DesignBar() should not be called statically|/home/marco/svn/luxintenebra/luxintenebra/trunk/playbyforum/index.php|215
1202070191|2048|Non-static method cContent::read_id_content() should not be called statically|/home/marco/svn/luxintenebra/luxintenebra/trunk/class/cContenuto.php|483
1202070191|2048|Non-static method cContent::show() should not be called statically|/home/marco/svn/luxintenebra/luxintenebra/trunk/playbyforum/index.php|222
1202070191|2048|Non-static method cContent::read_id_content() should not be called statically|/home/marco/svn/luxintenebra/luxintenebra/trunk/class/cContenuto.php|71
1202070191|8|Undefined index:  is_sito|/home/marco/svn/luxintenebra/luxintenebra/trunk/class/cTesti.php|34
1202070191|8|Undefined index:  IdUt|/home/marco/svn/luxintenebra/luxintenebra/trunk/class/cImmagini.php|46
1202070191|2048|getdate() [<a href='function.getdate'>function.getdate</a>]: It is not safe to rely on the system's timezone settings. Please use the date.timezone setting, the TZ environment variable or the date_default_timezone_set() function. In case you used any of those methods and you are still getting this warning, you most likely misspelled the timezone identifier. We selected 'Europe/Berlin' for 'CET/1.0/no DST' instead|/home/marco/svn/luxintenebra/luxintenebra/trunk/fun/funDiv.php|79
1202070902|8|Undefined index:  h|/home/marco/svn/luxintenebra/luxintenebra/trunk/playbyforum/index.php|25
1202070902|8|Undefined index:  ID|/home/marco/svn/luxintenebra/luxintenebra/trunk/playbyforum/index.php|34
1202070902|8|Undefined index:  ID|/home/marco/svn/luxintenebra/luxintenebra/trunk/playbyforum/index.php|39
1202070902|8|Undefined index:  IdP|/home/marco/svn/luxintenebra/luxintenebra/trunk/playbyforum/index.php|40
1202070902|8|Undefined index:  ID|/home/marco/svn/luxintenebra/luxintenebra/trunk/playbyforum/index.php|117
1202070902|2048|date() [<a href='function.date'>function.date</a>]: It is not safe to rely on the system's timezone settings. Please use the date.timezone setting, the TZ environment variable or the date_default_timezone_set() function. In case you used any of those methods and you are still getting this warning, you most likely misspelled the timezone identifier. We selected 'Europe/Berlin' for 'CET/1.0/no DST' instead|/home/marco/svn/luxintenebra/luxintenebra/trunk/class/cNews.php|174
1202070902|2048|date() [<a href='function.date'>function.date</a>]: It is not safe to rely on the system's timezone settings. Please use the date.timezone setting, the TZ environment variable or the date_default_timezone_set() function. In case you used any of those methods and you are still getting this warning, you most likely misspelled the timezone identifier. We selected 'Europe/Berlin' for 'CET/1.0/no DST' instead|/home/marco/svn/luxintenebra/luxintenebra/trunk/class/cNews.php|174
1202070902|2048|date() [<a href='function.date'>function.date</a>]: It is not safe to rely on the system's timezone settings. Please use the date.timezone setting, the TZ environment variable or the date_default_timezone_set() function. In case you used any of those methods and you are still getting this warning, you most likely misspelled the timezone identifier. We selected 'Europe/Berlin' for 'CET/1.0/no DST' instead|/home/marco/svn/luxintenebra/luxintenebra/trunk/class/cNews.php|174
1202070902|8|Undefined index:  action|/home/marco/svn/luxintenebra/luxintenebra/trunk/playbyforum/index.php|172
1202070902|2048|Non-static method cContent::read_id_content() should not be called statically|/home/marco/svn/luxintenebra/luxintenebra/trunk/playbyforum/index.php|212
1202070902|2048|Non-static method cContent::read_id_content() should not be called statically|/home/marco/svn/luxintenebra/luxintenebra/trunk/playbyforum/index.php|213
1202070902|2048|Non-static method cContent::read_id_content() should not be called statically|/home/marco/svn/luxintenebra/luxintenebra/trunk/playbyforum/index.php|214
1202070902|2048|Non-static method cContent::DesignBar() should not be called statically|/home/marco/svn/luxintenebra/luxintenebra/trunk/playbyforum/index.php|215
1202070902|2048|Non-static method cContent::read_id_content() should not be called statically|/home/marco/svn/luxintenebra/luxintenebra/trunk/class/cContenuto.php|483
1202070902|2048|Non-static method cContent::show() should not be called statically|/home/marco/svn/luxintenebra/luxintenebra/trunk/playbyforum/index.php|222
1202070902|2048|Non-static method cContent::read_id_content() should not be called statically|/home/marco/svn/luxintenebra/luxintenebra/trunk/class/cContenuto.php|71
1202070902|8|Undefined index:  is_sito|/home/marco/svn/luxintenebra/luxintenebra/trunk/class/cTesti.php|34
1202070902|8|Undefined index:  IdUt|/home/marco/svn/luxintenebra/luxintenebra/trunk/class/cImmagini.php|46
1202070902|2048|getdate() [<a href='function.getdate'>function.getdate</a>]: It is not safe to rely on the system's timezone settings. Please use the date.timezone setting, the TZ environment variable or the date_default_timezone_set() function. In case you used any of those methods and you are still getting this warning, you most likely misspelled the timezone identifier. We selected 'Europe/Berlin' for 'CET/1.0/no DST' instead|/home/marco/svn/luxintenebra/luxintenebra/trunk/fun/funDiv.php|79
